2025-11-21T12:51:12.909Z - Starting TikTok video search for term: AQA A LEVEL Chemistry
2025-11-21T12:51:16.929Z - Starting TikTok video search for term: AQA A LEVEL Chemistry
2025-11-21T12:51:26.949Z - Starting TikTok video search for term: AQA A LEVEL Chemistry
2025-11-21T12:51:29.675Z - Starting TikTok video search for term: AQA A LEVEL Chemistry
2025-11-21T12:51:50.598Z - Starting TikTok video search for term: AQA A LEVEL Chemistry
2025-11-21T12:51:50.636Z - Starting TikTok video search for term: AQA A LEVEL Chemistry
2025-11-21T12:52:32.372Z - Starting TikTok video search for term: AQA A LEVEL Chemistry
2025-11-21T12:52:32.374Z - Inside step.run: searching videos for AQA A LEVEL Chemistry
2025-11-21T12:52:32.374Z - Starting TikTok search for "AQA A LEVEL Chemistry" with max pages: 10, target count: 100
2025-11-21T12:52:32.374Z - Making TikTok API request to: https://tiktok-scraper7.p.rapidapi.com/feed/search?keywords=AQA+A+LEVEL+Chemistry&region=us&count=20&cursor=0&publish_time=0&sort_type=0
2025-11-21T12:52:34.927Z - Making TikTok API request to: https://tiktok-scraper7.p.rapidapi.com/feed/search?keywords=AQA+A+LEVEL+Chemistry&region=us&count=20&cursor=20&publish_time=0&sort_type=0
2025-11-21T12:52:37.585Z - Making TikTok API request to: https://tiktok-scraper7.p.rapidapi.com/feed/search?keywords=AQA+A+LEVEL+Chemistry&region=us&count=20&cursor=40&publish_time=0&sort_type=0
2025-11-21T12:52:40.139Z - Making TikTok API request to: https://tiktok-scraper7.p.rapidapi.com/feed/search?keywords=AQA+A+LEVEL+Chemistry&region=us&count=20&cursor=60&publish_time=0&sort_type=0
2025-11-21T12:52:41.351Z - Starting TikTok video search for term: AQA A LEVEL Chemistry
2025-11-21T12:52:42.654Z - Making TikTok API request to: https://tiktok-scraper7.p.rapidapi.com/feed/search?keywords=AQA+A+LEVEL+Chemistry&region=us&count=20&cursor=80&publish_time=0&sort_type=0
2025-11-21T12:52:45.173Z - Making TikTok API request to: https://tiktok-scraper7.p.rapidapi.com/feed/search?keywords=AQA+A+LEVEL+Chemistry&region=us&count=20&cursor=100&publish_time=0&sort_type=0
2025-11-21T12:52:47.987Z - Starting TikTok video search for term: AQA A LEVEL Chemistry
2025-11-21T12:53:15.372Z - Starting TikTok video search for term: AQA A LEVEL Chemistry
2025-11-21T12:53:17.091Z - Starting TikTok video search for term: AQA A LEVEL Chemistry
2025-11-21T12:53:47.326Z - Starting TikTok video search for term: AQA A LEVEL Chemistry
2025-11-21T12:53:47.707Z - Starting TikTok video search for term: AQA A LEVEL Chemistry
2025-11-21T12:53:57.199Z - Starting TikTok video search for term: AQA A LEVEL Chemistry
2025-11-21T12:54:00.465Z - Starting TikTok video search for term: AQA A LEVEL Chemistry
2025-11-21T12:55:16.471Z - Starting TikTok video search for term: AQA A LEVEL Chemistry
2025-11-21T12:55:16.916Z - Starting TikTok video search for term: AQA A LEVEL Chemistry
2025-11-21T12:55:21.438Z - Starting TikTok video search for term: AQA A LEVEL Chemistry
2025-11-21T12:56:16.962Z - Starting TikTok video search for term: AQA A LEVEL Chemistry
2025-11-21T12:56:17.375Z - Starting TikTok video search for term: AQA A LEVEL Chemistry
2025-11-21T12:57:30.265Z - Starting TikTok video search for term: AQA A LEVEL Chemistry
2025-11-21T12:57:31.059Z - Starting TikTok video search for term: AQA A LEVEL Chemistry
2025-11-21T13:07:54.047Z - Starting TikTok video search for term: A level chem
2025-11-21T13:07:54.049Z - Inside step.run: searching videos for A level chem
2025-11-21T13:07:54.050Z - Starting TikTok search for "A level chem" with max pages: 10, target count: 100
2025-11-21T13:07:54.050Z - Making TikTok API request to: https://tiktok-scraper7.p.rapidapi.com/feed/search?keywords=A+level+chem&region=us&count=20&cursor=0&publish_time=0&sort_type=0
2025-11-21T13:07:56.743Z - Making TikTok API request to: https://tiktok-scraper7.p.rapidapi.com/feed/search?keywords=A+level+chem&region=us&count=20&cursor=20&publish_time=0&sort_type=0
2025-11-21T13:07:59.224Z - Making TikTok API request to: https://tiktok-scraper7.p.rapidapi.com/feed/search?keywords=A+level+chem&region=us&count=20&cursor=40&publish_time=0&sort_type=0
2025-11-21T13:08:01.819Z - Making TikTok API request to: https://tiktok-scraper7.p.rapidapi.com/feed/search?keywords=A+level+chem&region=us&count=20&cursor=60&publish_time=0&sort_type=0
2025-11-21T13:08:04.341Z - Making TikTok API request to: https://tiktok-scraper7.p.rapidapi.com/feed/search?keywords=A+level+chem&region=us&count=20&cursor=80&publish_time=0&sort_type=0
2025-11-21T13:08:06.782Z - Making TikTok API request to: https://tiktok-scraper7.p.rapidapi.com/feed/search?keywords=A+level+chem&region=us&count=20&cursor=100&publish_time=0&sort_type=0
2025-11-21T13:08:09.447Z - Found 118 videos, filtered to top 59
2025-11-21T13:08:09.665Z - Starting TikTok video search for term: A level chem
2025-11-21T13:08:10.132Z - Starting TikTok video search for term: A level chem
2025-11-21T13:08:10.382Z - Queued 50 video downloads
2025-11-21T13:08:10.441Z - Starting download job for video: 60b4dbb6-0b42-4fed-9c8e-c63fe7fa8ae7
2025-11-21T13:08:10.441Z - Starting download job for video: 8e5f78ab-fda1-4f28-bd5f-9c2f20479dad
2025-11-21T13:08:10.441Z - Starting download job for video: cbcbeacc-506d-4c06-b63f-218c461cced5
2025-11-21T13:08:10.442Z - Starting download job for video: 778989fb-6b9d-42a7-b36f-11292f9a7967
2025-11-21T13:08:10.442Z - Starting download job for video: 1f142041-7586-4df4-a198-77f263e68af4
2025-11-21T13:08:10.442Z - Starting download job for video: 71bda2ae-a0d0-4e26-a017-b7e25ee4b82b
2025-11-21T13:08:10.442Z - Starting download job for video: a22b5d1d-7c6b-469a-8787-8b58fb8ff625
2025-11-21T13:08:10.443Z - Starting download job for video: 9bf853af-cbb0-4e81-a5ea-8a1eca233aab
2025-11-21T13:08:10.443Z - Starting download job for video: d7d8ae3b-f1bb-433c-8343-ee74a8611cac
2025-11-21T13:08:10.443Z - Starting download job for video: 5e46f00d-c8ec-4e98-b57b-f0a70ca282c5
2025-11-21T13:08:10.443Z - Starting download job for video: c41bd367-7d2f-4ab0-a693-345b47d8afaa
2025-11-21T13:08:10.443Z - Starting download job for video: d45763dc-c178-40e4-9e70-e3e576312d6a
2025-11-21T13:08:10.478Z - Starting download job for video: d00197aa-d80e-433a-83e9-36db79158043
2025-11-21T13:08:10.478Z - Starting download job for video: 14fd49a1-6192-49f3-92ca-8764d347dede
2025-11-21T13:08:10.478Z - Starting download job for video: f252080b-e6b3-4134-927f-b650edb507f8
2025-11-21T13:08:10.479Z - Starting download job for video: 1e9da840-8216-4289-8a09-fcddb8e5101a
2025-11-21T13:08:10.479Z - Starting download job for video: 15d329e6-4733-4709-85f5-a6c74fc2de1b
2025-11-21T13:08:10.487Z - Starting download job for video: 84fef124-7678-40c5-a9aa-680e771e17bf
2025-11-21T13:08:10.488Z - Starting download job for video: 286290d1-b8a4-4adc-8e33-b41918bca429
2025-11-21T13:08:10.488Z - Starting download job for video: 09724f64-da29-4d52-9a41-93f670202147
2025-11-21T13:08:10.552Z - Starting download job for video: 60b4dbb6-0b42-4fed-9c8e-c63fe7fa8ae7
2025-11-21T13:08:10.552Z - Starting download job for video: cbcbeacc-506d-4c06-b63f-218c461cced5
2025-11-21T13:08:10.552Z - Starting download job for video: 8e5f78ab-fda1-4f28-bd5f-9c2f20479dad
2025-11-21T13:08:10.581Z - Starting download job for video: 778989fb-6b9d-42a7-b36f-11292f9a7967
2025-11-21T13:08:10.582Z - Starting download job for video: 71bda2ae-a0d0-4e26-a017-b7e25ee4b82b
2025-11-21T13:08:10.582Z - Starting download job for video: 1f142041-7586-4df4-a198-77f263e68af4
2025-11-21T13:08:10.583Z - Starting TikTok video search for term: A level chem
2025-11-21T13:08:10.621Z - Starting download job for video: a22b5d1d-7c6b-469a-8787-8b58fb8ff625
2025-11-21T13:08:10.622Z - Starting download job for video: 9bf853af-cbb0-4e81-a5ea-8a1eca233aab
2025-11-21T13:08:10.622Z - Starting download job for video: d7d8ae3b-f1bb-433c-8343-ee74a8611cac
2025-11-21T13:08:10.622Z - Starting download job for video: c41bd367-7d2f-4ab0-a693-345b47d8afaa
2025-11-21T13:08:10.666Z - Starting download job for video: 5e46f00d-c8ec-4e98-b57b-f0a70ca282c5
2025-11-21T13:08:10.667Z - Starting download job for video: d45763dc-c178-40e4-9e70-e3e576312d6a
2025-11-21T13:08:10.667Z - Starting download job for video: d00197aa-d80e-433a-83e9-36db79158043
2025-11-21T13:08:10.667Z - Starting download job for video: 14fd49a1-6192-49f3-92ca-8764d347dede
2025-11-21T13:08:10.667Z - Starting download job for video: f252080b-e6b3-4134-927f-b650edb507f8
2025-11-21T13:08:10.707Z - Starting download job for video: 15d329e6-4733-4709-85f5-a6c74fc2de1b
2025-11-21T13:08:10.707Z - Starting download job for video: 1e9da840-8216-4289-8a09-fcddb8e5101a
2025-11-21T13:08:10.707Z - Starting download job for video: 84fef124-7678-40c5-a9aa-680e771e17bf
2025-11-21T13:08:10.708Z - Starting download job for video: 286290d1-b8a4-4adc-8e33-b41918bca429
2025-11-21T13:08:10.708Z - Starting download job for video: 09724f64-da29-4d52-9a41-93f670202147
2025-11-21T13:08:10.727Z - Starting download job for video: 7b90859c-73a3-42c9-945c-5906fba60e80
2025-11-21T13:08:10.727Z - Starting download job for video: 5eebb5f7-55ff-469e-9123-4257ffed3b3d
2025-11-21T13:08:10.727Z - Starting download job for video: 6e3a2aba-8b3b-46ea-82f9-f9601e61e778
2025-11-21T13:08:10.728Z - Starting download job for video: 0671d62b-4736-45d3-9436-9359e5f7ed4c
2025-11-21T13:08:10.728Z - Starting download job for video: fa185451-7675-466d-9135-897593c3e10b
2025-11-21T13:08:10.728Z - Starting download job for video: 2beb795d-56aa-44e9-9ff8-daf626af0483
2025-11-21T13:08:10.761Z - Starting download job for video: 234645a8-c561-41a2-a406-5622c025d469
2025-11-21T13:08:10.761Z - Starting download job for video: 4a4f613d-c7a2-42b2-9121-09fee6f13b95
2025-11-21T13:08:10.836Z - Starting download job for video: 7b90859c-73a3-42c9-945c-5906fba60e80
2025-11-21T13:08:10.837Z - Starting download job for video: 5eebb5f7-55ff-469e-9123-4257ffed3b3d
2025-11-21T13:08:10.837Z - Starting download job for video: 6e3a2aba-8b3b-46ea-82f9-f9601e61e778
2025-11-21T13:08:10.837Z - Starting download job for video: 0671d62b-4736-45d3-9436-9359e5f7ed4c
2025-11-21T13:08:10.857Z - Starting download job for video: fa185451-7675-466d-9135-897593c3e10b
2025-11-21T13:08:10.857Z - Starting download job for video: 2beb795d-56aa-44e9-9ff8-daf626af0483
2025-11-21T13:08:10.858Z - Starting download job for video: 234645a8-c561-41a2-a406-5622c025d469
2025-11-21T13:08:10.858Z - Starting download job for video: 4a4f613d-c7a2-42b2-9121-09fee6f13b95
2025-11-21T13:08:18.131Z - Starting download job for video: 5eebb5f7-55ff-469e-9123-4257ffed3b3d
2025-11-21T13:08:18.131Z - Starting download job for video: 1f142041-7586-4df4-a198-77f263e68af4
2025-11-21T13:08:18.388Z - Starting download job for video: 5eebb5f7-55ff-469e-9123-4257ffed3b3d
2025-11-21T13:08:18.389Z - Starting download job for video: 1f142041-7586-4df4-a198-77f263e68af4
2025-11-21T13:08:18.753Z - Starting download job for video: 60b4dbb6-0b42-4fed-9c8e-c63fe7fa8ae7
2025-11-21T13:08:18.946Z - Starting download job for video: 60b4dbb6-0b42-4fed-9c8e-c63fe7fa8ae7
2025-11-21T13:08:20.885Z - Starting download job for video: f252080b-e6b3-4134-927f-b650edb507f8
2025-11-21T13:08:20.941Z - Starting download job for video: 2beb795d-56aa-44e9-9ff8-daf626af0483
2025-11-21T13:08:20.961Z - Starting download job for video: 8e5f78ab-fda1-4f28-bd5f-9c2f20479dad
2025-11-21T13:08:21.039Z - Starting download job for video: f252080b-e6b3-4134-927f-b650edb507f8
2025-11-21T13:08:21.247Z - Starting download job for video: 2beb795d-56aa-44e9-9ff8-daf626af0483
2025-11-21T13:08:21.530Z - Starting download job for video: fa185451-7675-466d-9135-897593c3e10b
2025-11-21T13:08:21.789Z - Starting download job for video: fa185451-7675-466d-9135-897593c3e10b
2025-11-21T13:08:22.690Z - Starting download job for video: 8e5f78ab-fda1-4f28-bd5f-9c2f20479dad
2025-11-21T13:08:26.841Z - Starting download job for video: a22b5d1d-7c6b-469a-8787-8b58fb8ff625
2025-11-21T13:08:28.894Z - Starting download job for video: a22b5d1d-7c6b-469a-8787-8b58fb8ff625
2025-11-21T13:08:32.170Z - Starting download job for video: cbcbeacc-506d-4c06-b63f-218c461cced5
2025-11-21T13:08:32.281Z - Starting download job for video: d00197aa-d80e-433a-83e9-36db79158043
2025-11-21T13:08:32.710Z - Starting download job for video: cbcbeacc-506d-4c06-b63f-218c461cced5
2025-11-21T13:08:32.761Z - Starting download job for video: d00197aa-d80e-433a-83e9-36db79158043
2025-11-21T13:08:33.074Z - Starting download job for video: 7b90859c-73a3-42c9-945c-5906fba60e80
2025-11-21T13:08:33.867Z - Starting download job for video: 7b90859c-73a3-42c9-945c-5906fba60e80
2025-11-21T13:08:33.868Z - Starting download job for video: 0671d62b-4736-45d3-9436-9359e5f7ed4c
2025-11-21T13:08:33.985Z - Starting download job for video: 4a4f613d-c7a2-42b2-9121-09fee6f13b95
2025-11-21T13:08:34.242Z - Starting download job for video: 0671d62b-4736-45d3-9436-9359e5f7ed4c
2025-11-21T13:08:34.242Z - Starting download job for video: 4a4f613d-c7a2-42b2-9121-09fee6f13b95
2025-11-21T13:08:34.868Z - Starting download job for video: 5e46f00d-c8ec-4e98-b57b-f0a70ca282c5
2025-11-21T13:08:35.132Z - Starting download job for video: 5e46f00d-c8ec-4e98-b57b-f0a70ca282c5
2025-11-21T13:08:36.477Z - Starting download job for video: 71bda2ae-a0d0-4e26-a017-b7e25ee4b82b
2025-11-21T13:08:36.668Z - Starting download job for video: 71bda2ae-a0d0-4e26-a017-b7e25ee4b82b
2025-11-21T13:08:43.891Z - Starting download job for video: d7d8ae3b-f1bb-433c-8343-ee74a8611cac
2025-11-21T13:08:45.689Z - Starting download job for video: 09724f64-da29-4d52-9a41-93f670202147
2025-11-21T13:08:45.785Z - Starting download job for video: d7d8ae3b-f1bb-433c-8343-ee74a8611cac
2025-11-21T13:08:46.685Z - Starting download job for video: 09724f64-da29-4d52-9a41-93f670202147
2025-11-21T13:08:48.935Z - Starting download job for video: 778989fb-6b9d-42a7-b36f-11292f9a7967
2025-11-21T13:08:49.185Z - Starting download job for video: 778989fb-6b9d-42a7-b36f-11292f9a7967
2025-11-21T13:08:53.306Z - Starting download job for video: 1e9da840-8216-4289-8a09-fcddb8e5101a
2025-11-21T13:08:53.796Z - Starting download job for video: 1e9da840-8216-4289-8a09-fcddb8e5101a
2025-11-21T13:08:57.335Z - Starting download job for video: 9bf853af-cbb0-4e81-a5ea-8a1eca233aab
2025-11-21T13:08:57.473Z - Starting download job for video: 9bf853af-cbb0-4e81-a5ea-8a1eca233aab
